[debug] [2017-09-11T13:12:47.394Z] ----------------------------------------------------------------------
[debug] [2017-09-11T13:12:47.398Z] Command:       /usr/local/bin/node /usr/local/bin/firebase serve
[debug] [2017-09-11T13:12:47.399Z] CLI Version:   3.10.1
[debug] [2017-09-11T13:12:47.399Z] Platform:      darwin
[debug] [2017-09-11T13:12:47.399Z] Node Version:  v8.4.0
[debug] [2017-09-11T13:12:47.400Z] Time:          Mon Sep 11 2017 18:42:47 GMT+0530 (IST)
[debug] [2017-09-11T13:12:47.400Z] ----------------------------------------------------------------------
[debug] 
[debug] [2017-09-11T13:12:47.424Z] > command requires scopes: ["email","openid","https://www.googleapis.com/auth/cloudplatformprojects.readonly","https://www.googleapis.com/auth/firebase","https://www.googleapis.com/auth/cloud-platform"]
[debug] [2017-09-11T13:12:47.424Z] > authorizing via signed-in user
[debug] [2017-09-11T13:12:47.426Z] >>> HTTP REQUEST GET https://admin.firebase.com/v1/projects/fir-pwa-48a1a  
 Mon Sep 11 2017 18:42:47 GMT+0530 (IST)
[debug] [2017-09-11T13:12:48.914Z] <<< HTTP RESPONSE 200
[debug] [2017-09-11T13:12:48.915Z] >>> HTTP REQUEST GET https://admin.firebase.com/v1/database/fir-pwa-48a1a/tokens  
 Mon Sep 11 2017 18:42:48 GMT+0530 (IST)
[debug] [2017-09-11T13:12:50.440Z] <<< HTTP RESPONSE 200
[info] 
[info] === Serving from '/Users/aayusharora/Desktop/firebase-pwa'...
[info] 
[debug] [2017-09-11T13:12:50.445Z] >>> HTTP REQUEST GET https://cloudresourcemanager.googleapis.com/v1/projects/fir-pwa-48a1a  
 Mon Sep 11 2017 18:42:50 GMT+0530 (IST)
[debug] [2017-09-11T13:12:52.094Z] <<< HTTP RESPONSE 200
[debug] [2017-09-11T13:12:52.095Z] >>> HTTP REQUEST GET https://mobilesdk-pa.googleapis.com/v1/projects/815402095694/clients/_:getWebAppConfig  
 Mon Sep 11 2017 18:42:52 GMT+0530 (IST)
[debug] [2017-09-11T13:12:53.183Z] <<< HTTP RESPONSE 200
[info] i  hosting: Serving hosting files from: public
[info] ✔  hosting: Local server: http://localhost:5000

